Flow report for melodychime_top
Sun Jul 01 22:48:27 2018
Quartus Prime Version 17.1.0 Build 590 10/25/2017 SJ Lite Edition


---------------------
; Table of Contents ;
---------------------
  1. Legal Notice
  2. Flow Summary
  3. Flow Settings
  4. Flow Non-Default Global Settings
  5. Flow Elapsed Time
  6. Flow OS Summary
  7. Flow Log
  8. Flow Messages
  9. Flow Suppressed Messages



----------------
; Legal Notice ;
----------------
Copyright (C) 2017  Intel Corporation. All rights reserved.
Your use of Intel Corporation's design tools, logic functions 
and other software and tools, and its AMPP partner logic 
functions, and any output files from any of the foregoing 
(including device programming or simulation files), and any 
associated documentation or information are expressly subject 
to the terms and conditions of the Intel Program License 
Subscription Agreement, the Intel Quartus Prime License Agreement,
the Intel FPGA IP License Agreement, or other applicable license
agreement, including, without limitation, that your use is for
the sole purpose of programming logic devices manufactured by
Intel and sold by Intel or its authorized distributors.  Please
refer to the applicable agreement for further details.



+----------------------------------------------------------------------------------+
; Flow Summary                                                                     ;
+------------------------------------+---------------------------------------------+
; Flow Status                        ; Successful - Sun Jul 01 22:48:27 2018       ;
; Quartus Prime Version              ; 17.1.0 Build 590 10/25/2017 SJ Lite Edition ;
; Revision Name                      ; melodychime_top                             ;
; Top-level Entity Name              ; TOP                                         ;
; Family                             ; MAX 10                                      ;
; Device                             ; 10M08SAE144C8G                              ;
; Timing Models                      ; Final                                       ;
; Total logic elements               ; 237 / 8,064 ( 3 % )                         ;
;     Total combinational functions  ; 225 / 8,064 ( 3 % )                         ;
;     Dedicated logic registers      ; 143 / 8,064 ( 2 % )                         ;
; Total registers                    ; 143                                         ;
; Total pins                         ; 42 / 101 ( 42 % )                           ;
; Total virtual pins                 ; 0                                           ;
; Total memory bits                  ; 0 / 387,072 ( 0 % )                         ;
; Embedded Multiplier 9-bit elements ; 0 / 48 ( 0 % )                              ;
; Total PLLs                         ; 0 / 1 ( 0 % )                               ;
; UFM blocks                         ; 0 / 1 ( 0 % )                               ;
; ADC blocks                         ; 0 / 1 ( 0 % )                               ;
+------------------------------------+---------------------------------------------+


+-----------------------------------------+
; Flow Settings                           ;
+-------------------+---------------------+
; Option            ; Setting             ;
+-------------------+---------------------+
; Start date & time ; 07/01/2018 22:46:45 ;
; Main task         ; Compilation         ;
; Revision Name     ; melodychime_top     ;
+-------------------+---------------------+


+-------------------------------------------------------------------------------------------------------------------------------+
; Flow Non-Default Global Settings                                                                                              ;
+-------------------------------------+----------------------------------------+-----------------+-------------+----------------+
; Assignment Name                     ; Value                                  ; Default Value   ; Entity Name ; Section Id     ;
+-------------------------------------+----------------------------------------+-----------------+-------------+----------------+
; COMPILER_SIGNATURE_ID               ; 246395694840057.153045280411932        ; --              ; --          ; --             ;
; EDA_OUTPUT_DATA_FORMAT              ; Verilog Hdl                            ; --              ; --          ; eda_simulation ;
; EDA_SIMULATION_TOOL                 ; ModelSim-Altera (Verilog)              ; <None>          ; --          ; --             ;
; ENABLE_SIGNALTAP                    ; On                                     ; --              ; --          ; --             ;
; FLOW_ENABLE_POWER_ANALYZER          ; On                                     ; Off             ; --          ; --             ;
; HDL_MESSAGE_LEVEL                   ; Level3                                 ; Level2          ; --          ; --             ;
; MAX_CORE_JUNCTION_TEMP              ; 85                                     ; --              ; --          ; --             ;
; MIN_CORE_JUNCTION_TEMP              ; 0                                      ; --              ; --          ; --             ;
; MISC_FILE                           ; IP/PLL/PLL_bb.v                        ; --              ; --          ; --             ;
; MISC_FILE                           ; IP/PLL/PLL.ppf                         ; --              ; --          ; --             ;
; PARTITION_COLOR                     ; -- (Not supported for targeted family) ; --              ; TOP         ; Top            ;
; PARTITION_FITTER_PRESERVATION_LEVEL ; -- (Not supported for targeted family) ; --              ; TOP         ; Top            ;
; PARTITION_NETLIST_TYPE              ; -- (Not supported for targeted family) ; --              ; TOP         ; Top            ;
; POWER_BOARD_THERMAL_MODEL           ; None (CONSERVATIVE)                    ; --              ; --          ; --             ;
; POWER_DEFAULT_INPUT_IO_TOGGLE_RATE  ; 12.5 %                                 ; 12.5%           ; --          ; --             ;
; POWER_PRESET_COOLING_SOLUTION       ; 23 MM HEAT SINK WITH 200 LFPM AIRFLOW  ; --              ; --          ; --             ;
; PROJECT_OUTPUT_DIRECTORY            ; output_files                           ; --              ; --          ; --             ;
; TOP_LEVEL_ENTITY                    ; TOP                                    ; melodychime_top ; --          ; --             ;
; USE_SIGNALTAP_FILE                  ; stp1.stp                               ; --              ; --          ; --             ;
+-------------------------------------+----------------------------------------+-----------------+-------------+----------------+


+-------------------------------------------------------------------------------------------------------------------------------+
; Flow Elapsed Time                                                                                                             ;
+---------------------------+--------------+-------------------------+---------------------+------------------------------------+
; Module Name               ; Elapsed Time ; Average Processors Used ; Peak Virtual Memory ; Total CPU Time (on all processors) ;
+---------------------------+--------------+-------------------------+---------------------+------------------------------------+
; Analysis & Synthesis      ; 00:00:30     ; 1.0                     ; 4761 MB             ; 00:00:58                           ;
; Fitter                    ; 00:00:25     ; 1.1                     ; 5333 MB             ; 00:00:16                           ;
; Assembler                 ; 00:00:05     ; 1.0                     ; 4692 MB             ; 00:00:04                           ;
; Power Analyzer            ; 00:00:10     ; 1.0                     ; 4814 MB             ; 00:00:08                           ;
; TimeQuest Timing Analyzer ; 00:00:10     ; 1.0                     ; 4778 MB             ; 00:00:07                           ;
; EDA Netlist Writer        ; 00:00:03     ; 1.0                     ; 4661 MB             ; 00:00:02                           ;
; Total                     ; 00:01:23     ; --                      ; --                  ; 00:01:35                           ;
+---------------------------+--------------+-------------------------+---------------------+------------------------------------+


+-----------------------------------------------------------------------------------------+
; Flow OS Summary                                                                         ;
+---------------------------+------------------+------------+------------+----------------+
; Module Name               ; Machine Hostname ; OS Name    ; OS Version ; Processor type ;
+---------------------------+------------------+------------+------------+----------------+
; Analysis & Synthesis      ; DESKTOP-N2ET39K  ; Windows 10 ; 10.0       ; x86_64         ;
; Fitter                    ; DESKTOP-N2ET39K  ; Windows 10 ; 10.0       ; x86_64         ;
; Assembler                 ; DESKTOP-N2ET39K  ; Windows 10 ; 10.0       ; x86_64         ;
; Power Analyzer            ; DESKTOP-N2ET39K  ; Windows 10 ; 10.0       ; x86_64         ;
; TimeQuest Timing Analyzer ; DESKTOP-N2ET39K  ; Windows 10 ; 10.0       ; x86_64         ;
; EDA Netlist Writer        ; DESKTOP-N2ET39K  ; Windows 10 ; 10.0       ; x86_64         ;
+---------------------------+------------------+------------+------------+----------------+


------------
; Flow Log ;
------------
quartus_map --read_settings_files=on --write_settings_files=off melodychime_top -c melodychime_top
quartus_fit --read_settings_files=off --write_settings_files=off melodychime_top -c melodychime_top
quartus_asm --read_settings_files=off --write_settings_files=off melodychime_top -c melodychime_top
quartus_pow --read_settings_files=off --write_settings_files=off melodychime_top -c melodychime_top
quartus_sta melodychime_top -c melodychime_top
quartus_eda --read_settings_files=off --write_settings_files=off melodychime_top -c melodychime_top



